{
  "0 debug pnpm:scope": {
    "selected": 1
  },
  "1 error pnpm": {
    "errno": 1,
    "code": "ELIFECYCLE",
    "pkgid": "dsaat-project@1.0.0",
    "stage": "start",
    "script": "node server.js",
    "pkgname": "dsaat-project",
    "err": {
      "name": "pnpm",
      "message": "dsaat-project@1.0.0 start: `node server.js`\nExit status 1",
      "code": "ELIFECYCLE",
      "stack": "pnpm: dsaat-project@1.0.0 start: `node server.js`\nExit status 1\n    at EventEmitter.<anonymous> (C:\\Users\\User\\.node\\corepack\\pnpm\\7.1.7\\dist\\pnpm.cjs:106952:20)\n    at EventEmitter.emit (node:events:527:28)\n    at ChildProcess.<anonymous> (C:\\Users\\User\\.node\\corepack\\pnpm\\7.1.7\\dist\\pnpm.cjs:93518:18)\n    at ChildProcess.emit (node:events:527:28)\n    at maybeClose (node:internal/child_process:1092:16)\n    at Process.ChildProcess._handle.onexit (node:internal/child_process:302:5)"
    }
  },
  "2 warn pnpm:global": " Local package.json exists, but node_modules missing, did you mean to install?"
}